2022-05-25 11:28:36,197 INFO org.springframework.boot.StartupInfoLogger [main] Starting MicroservicioProcesamientoApplication using Java 15.0.2 on DESKTOP-GCCAVEG with PID 16856 (C:\workspace-pt\microservicio-procesamiento\target\classes started by dervo in C:\workspace-pt\microservicio-procesamiento)
2022-05-25 11:28:36,204 INFO org.springframework.boot.SpringApplication [main] No active profile set, falling back to default profiles: default
2022-05-25 11:28:38,206 INFO org.springframework.data.repository.config.RepositoryConfigurationDelegate [main] Bootstrapping Spring Data JPA repositories in DEFAULT mode.
2022-05-25 11:28:38,240 INFO org.springframework.data.repository.config.RepositoryConfigurationDelegate [main] Finished Spring Data repository scanning in 17 ms. Found 0 JPA repository interfaces.
2022-05-25 11:28:38,674 INFO org.springframework.cloud.context.scope.GenericScope [main] BeanFactory id=be04710d-9fcf-371b-a5ff-1ab78e6151b9
2022-05-25 11:28:40,086 INFO org.springframework.boot.web.embedded.tomcat.TomcatWebServer [main] Tomcat initialized with port(s): 8082 (http)
2022-05-25 11:28:40,110 INFO org.apache.juli.logging.DirectJDKLog [main] Initializing ProtocolHandler ["http-nio-8082"]
2022-05-25 11:28:40,111 INFO org.apache.juli.logging.DirectJDKLog [main] Starting service [Tomcat]
2022-05-25 11:28:40,111 INFO org.apache.juli.logging.DirectJDKLog [main] Starting Servlet engine: [Apache Tomcat/9.0.45]
2022-05-25 11:28:40,386 INFO org.apache.juli.logging.DirectJDKLog [main] Initializing Spring embedded WebApplicationContext
2022-05-25 11:28:40,387 INFO org.springframework.boot.web.servlet.context.ServletWebServerApplicationContext [main] Root WebApplicationContext: initialization completed in 3980 ms
2022-05-25 11:28:40,824 INFO org.hibernate.jpa.internal.util.LogHelper [main] HHH000204: Processing PersistenceUnitInfo [name: default]
2022-05-25 11:28:40,984 INFO org.hibernate.Version [main] HHH000412: Hibernate ORM core version 5.4.30.Final
2022-05-25 11:28:41,345 INFO org.hibernate.annotations.common.reflection.java.JavaReflectionManager [main] HCANN000001: Hibernate Commons Annotations {5.1.2.Final}
2022-05-25 11:28:41,593 INFO com.zaxxer.hikari.HikariDataSource [main] HikariPool-1 - Starting...
2022-05-25 11:28:42,795 INFO com.zaxxer.hikari.HikariDataSource [main] HikariPool-1 - Start completed.
2022-05-25 11:28:42,851 INFO org.hibernate.dialect.Dialect [main] HHH000400: Using dialect: org.hibernate.dialect.PostgreSQL10Dialect
2022-05-25 11:28:44,740 INFO org.hibernate.engine.transaction.jta.platform.internal.JtaPlatformInitiator [main] HHH000490: Using JtaPlatform implementation: [org.hibernate.engine.transaction.jta.platform.internal.NoJtaPlatform]
2022-05-25 11:28:44,753 INFO org.springframework.orm.jpa.AbstractEntityManagerFactoryBean [main] Initialized JPA EntityManagerFactory for persistence unit 'default'
2022-05-25 11:28:45,181 WARN org.springframework.boot.autoconfigure.orm.jpa.JpaBaseConfiguration$JpaWebConfiguration [main] spring.jpa.open-in-view is enabled by default. Therefore, database queries may be performed during view rendering. Explicitly configure spring.jpa.open-in-view to disable this warning
2022-05-25 11:28:45,556 INFO org.springframework.scheduling.concurrent.ExecutorConfigurationSupport [main] Initializing ExecutorService 'applicationTaskExecutor'
2022-05-25 11:28:48,953 INFO org.springframework.cloud.commons.util.InetUtils [main] Cannot determine local hostname
2022-05-25 11:28:50,235 INFO org.springframework.cloud.commons.util.InetUtils [main] Cannot determine local hostname
2022-05-25 11:28:50,284 INFO org.apache.juli.logging.DirectJDKLog [main] Starting ProtocolHandler ["http-nio-8082"]
2022-05-25 11:28:50,344 INFO org.springframework.boot.web.embedded.tomcat.TomcatWebServer [main] Tomcat started on port(s): 8082 (http) with context path ''
2022-05-25 11:28:51,725 INFO org.springframework.cloud.commons.util.InetUtils [main] Cannot determine local hostname
2022-05-25 11:28:53,039 INFO org.springframework.cloud.commons.util.InetUtils [main] Cannot determine local hostname
2022-05-25 11:28:53,052 INFO org.springframework.boot.StartupInfoLogger [main] Started MicroservicioProcesamientoApplication in 19.327 seconds (JVM running for 20.909)
2022-05-25 11:29:07,908 INFO org.apache.juli.logging.DirectJDKLog [http-nio-8082-exec-1] Initializing Spring DispatcherServlet 'dispatcherServlet'
2022-05-25 11:29:07,909 INFO org.springframework.web.servlet.FrameworkServlet [http-nio-8082-exec-1] Initializing Servlet 'dispatcherServlet'
2022-05-25 11:29:07,911 INFO org.springframework.web.servlet.FrameworkServlet [http-nio-8082-exec-1] Completed initialization in 2 ms
2022-05-25 11:29:09,076 INFO org.springdoc.api.AbstractOpenApiResource [http-nio-8082-exec-7] Init duration for springdoc-openapi is: 630 ms
2022-05-25 11:29:24,421 INFO com.mx.ipn.procesamiento.controlador.ProcesamientoControlador [http-nio-8082-exec-9] <----- Inicio petición ----->
2022-05-25 11:29:24,781 INFO com.mx.ipn.procesamiento.controlador.ProcesamientoControlador [http-nio-8082-exec-9] ---Fin petición controlador Usuario----
2022-05-25 11:30:27,394 INFO org.springframework.boot.StartupInfoLogger [main] Starting MicroservicioProcesamientoApplication using Java 15.0.2 on DESKTOP-GCCAVEG with PID 19788 (C:\workspace-pt\microservicio-procesamiento\target\classes started by dervo in C:\workspace-pt\microservicio-procesamiento)
2022-05-25 11:30:27,398 INFO org.springframework.boot.SpringApplication [main] No active profile set, falling back to default profiles: default
2022-05-25 11:30:28,819 INFO org.springframework.data.repository.config.RepositoryConfigurationDelegate [main] Bootstrapping Spring Data JPA repositories in DEFAULT mode.
2022-05-25 11:30:28,857 INFO org.springframework.data.repository.config.RepositoryConfigurationDelegate [main] Finished Spring Data repository scanning in 23 ms. Found 0 JPA repository interfaces.
2022-05-25 11:30:29,230 INFO org.springframework.cloud.context.scope.GenericScope [main] BeanFactory id=be04710d-9fcf-371b-a5ff-1ab78e6151b9
2022-05-25 11:30:30,192 INFO org.springframework.boot.web.embedded.tomcat.TomcatWebServer [main] Tomcat initialized with port(s): 8082 (http)
2022-05-25 11:30:30,212 INFO org.apache.juli.logging.DirectJDKLog [main] Initializing ProtocolHandler ["http-nio-8082"]
2022-05-25 11:30:30,215 INFO org.apache.juli.logging.DirectJDKLog [main] Starting service [Tomcat]
2022-05-25 11:30:30,216 INFO org.apache.juli.logging.DirectJDKLog [main] Starting Servlet engine: [Apache Tomcat/9.0.45]
2022-05-25 11:30:30,479 INFO org.apache.juli.logging.DirectJDKLog [main] Initializing Spring embedded WebApplicationContext
2022-05-25 11:30:30,479 INFO org.springframework.boot.web.servlet.context.ServletWebServerApplicationContext [main] Root WebApplicationContext: initialization completed in 2963 ms
2022-05-25 11:30:30,889 INFO org.hibernate.jpa.internal.util.LogHelper [main] HHH000204: Processing PersistenceUnitInfo [name: default]
2022-05-25 11:30:30,999 INFO org.hibernate.Version [main] HHH000412: Hibernate ORM core version 5.4.30.Final
2022-05-25 11:30:31,229 INFO org.hibernate.annotations.common.reflection.java.JavaReflectionManager [main] HCANN000001: Hibernate Commons Annotations {5.1.2.Final}
2022-05-25 11:30:31,400 INFO com.zaxxer.hikari.HikariDataSource [main] HikariPool-1 - Starting...
2022-05-25 11:30:31,698 INFO com.zaxxer.hikari.HikariDataSource [main] HikariPool-1 - Start completed.
2022-05-25 11:30:31,751 INFO org.hibernate.dialect.Dialect [main] HHH000400: Using dialect: org.hibernate.dialect.PostgreSQL10Dialect
2022-05-25 11:30:33,151 INFO org.hibernate.engine.transaction.jta.platform.internal.JtaPlatformInitiator [main] HHH000490: Using JtaPlatform implementation: [org.hibernate.engine.transaction.jta.platform.internal.NoJtaPlatform]
2022-05-25 11:30:33,164 INFO org.springframework.orm.jpa.AbstractEntityManagerFactoryBean [main] Initialized JPA EntityManagerFactory for persistence unit 'default'
2022-05-25 11:30:33,608 WARN org.springframework.boot.autoconfigure.orm.jpa.JpaBaseConfiguration$JpaWebConfiguration [main] spring.jpa.open-in-view is enabled by default. Therefore, database queries may be performed during view rendering. Explicitly configure spring.jpa.open-in-view to disable this warning
2022-05-25 11:30:33,959 INFO org.springframework.scheduling.concurrent.ExecutorConfigurationSupport [main] Initializing ExecutorService 'applicationTaskExecutor'
2022-05-25 11:30:37,712 INFO org.springframework.cloud.commons.util.InetUtils [main] Cannot determine local hostname
2022-05-25 11:30:38,928 INFO org.springframework.cloud.commons.util.InetUtils [main] Cannot determine local hostname
2022-05-25 11:30:38,969 INFO org.apache.juli.logging.DirectJDKLog [main] Starting ProtocolHandler ["http-nio-8082"]
2022-05-25 11:30:39,017 INFO org.springframework.boot.web.embedded.tomcat.TomcatWebServer [main] Tomcat started on port(s): 8082 (http) with context path ''
2022-05-25 11:30:40,221 INFO org.springframework.cloud.commons.util.InetUtils [main] Cannot determine local hostname
2022-05-25 11:30:41,438 INFO org.springframework.cloud.commons.util.InetUtils [main] Cannot determine local hostname
2022-05-25 11:30:41,468 INFO org.springframework.boot.StartupInfoLogger [main] Started MicroservicioProcesamientoApplication in 15.971 seconds (JVM running for 17.077)
2022-05-25 11:30:42,626 INFO org.apache.juli.logging.DirectJDKLog [http-nio-8082-exec-1] Initializing Spring DispatcherServlet 'dispatcherServlet'
2022-05-25 11:30:42,627 INFO org.springframework.web.servlet.FrameworkServlet [http-nio-8082-exec-1] Initializing Servlet 'dispatcherServlet'
2022-05-25 11:30:42,628 INFO org.springframework.web.servlet.FrameworkServlet [http-nio-8082-exec-1] Completed initialization in 1 ms
2022-05-25 11:30:43,848 INFO org.springdoc.api.AbstractOpenApiResource [http-nio-8082-exec-5] Init duration for springdoc-openapi is: 769 ms
2022-05-25 11:30:56,432 WARN org.springframework.web.servlet.handler.AbstractHandlerExceptionResolver [http-nio-8082-exec-7] Resolved [org.springframework.http.converter.HttpMessageNotReadableException: Required request body is missing: public org.springframework.http.ResponseEntity<com.mx.ipn.procesamiento.cliente.bean.RespuestaClasificacionBean> com.mx.ipn.procesamiento.controlador.ProcesamientoControlador.prueba(com.mx.ipn.procesamiento.cliente.bean.ClasificacionBean)]
2022-05-25 11:31:51,293 WARN org.springframework.web.servlet.handler.AbstractHandlerExceptionResolver [http-nio-8082-exec-9] Resolved [org.springframework.http.converter.HttpMessageNotReadableException: Required request body is missing: public org.springframework.http.ResponseEntity<com.mx.ipn.procesamiento.cliente.bean.RespuestaClasificacionBean> com.mx.ipn.procesamiento.controlador.ProcesamientoControlador.prueba(com.mx.ipn.procesamiento.cliente.bean.ClasificacionBean)]
2022-05-25 11:31:51,372 WARN org.springframework.web.servlet.handler.AbstractHandlerExceptionResolver [http-nio-8082-exec-10] Resolved [org.springframework.http.converter.HttpMessageNotReadableException: Required request body is missing: public org.springframework.http.ResponseEntity<com.mx.ipn.procesamiento.cliente.bean.RespuestaClasificacionBean> com.mx.ipn.procesamiento.controlador.ProcesamientoControlador.prueba(com.mx.ipn.procesamiento.cliente.bean.ClasificacionBean)]
2022-05-25 11:32:20,453 INFO org.springframework.boot.StartupInfoLogger [main] Starting MicroservicioProcesamientoApplication using Java 15.0.2 on DESKTOP-GCCAVEG with PID 18812 (C:\workspace-pt\microservicio-procesamiento\target\classes started by dervo in C:\workspace-pt\microservicio-procesamiento)
2022-05-25 11:32:20,459 INFO org.springframework.boot.SpringApplication [main] No active profile set, falling back to default profiles: default
2022-05-25 11:32:22,044 INFO org.springframework.data.repository.config.RepositoryConfigurationDelegate [main] Bootstrapping Spring Data JPA repositories in DEFAULT mode.
2022-05-25 11:32:22,085 INFO org.springframework.data.repository.config.RepositoryConfigurationDelegate [main] Finished Spring Data repository scanning in 28 ms. Found 0 JPA repository interfaces.
2022-05-25 11:32:22,473 INFO org.springframework.cloud.context.scope.GenericScope [main] BeanFactory id=be04710d-9fcf-371b-a5ff-1ab78e6151b9
2022-05-25 11:32:23,408 INFO org.springframework.boot.web.embedded.tomcat.TomcatWebServer [main] Tomcat initialized with port(s): 8082 (http)
2022-05-25 11:32:23,425 INFO org.apache.juli.logging.DirectJDKLog [main] Initializing ProtocolHandler ["http-nio-8082"]
2022-05-25 11:32:23,429 INFO org.apache.juli.logging.DirectJDKLog [main] Starting service [Tomcat]
2022-05-25 11:32:23,429 INFO org.apache.juli.logging.DirectJDKLog [main] Starting Servlet engine: [Apache Tomcat/9.0.45]
2022-05-25 11:32:23,685 INFO org.apache.juli.logging.DirectJDKLog [main] Initializing Spring embedded WebApplicationContext
2022-05-25 11:32:23,686 INFO org.springframework.boot.web.servlet.context.ServletWebServerApplicationContext [main] Root WebApplicationContext: initialization completed in 3007 ms
2022-05-25 11:32:24,041 INFO org.hibernate.jpa.internal.util.LogHelper [main] HHH000204: Processing PersistenceUnitInfo [name: default]
2022-05-25 11:32:24,142 INFO org.hibernate.Version [main] HHH000412: Hibernate ORM core version 5.4.30.Final
2022-05-25 11:32:24,359 INFO org.hibernate.annotations.common.reflection.java.JavaReflectionManager [main] HCANN000001: Hibernate Commons Annotations {5.1.2.Final}
2022-05-25 11:32:24,551 INFO com.zaxxer.hikari.HikariDataSource [main] HikariPool-1 - Starting...
2022-05-25 11:32:24,868 INFO com.zaxxer.hikari.HikariDataSource [main] HikariPool-1 - Start completed.
2022-05-25 11:32:24,911 INFO org.hibernate.dialect.Dialect [main] HHH000400: Using dialect: org.hibernate.dialect.PostgreSQL10Dialect
2022-05-25 11:32:26,207 INFO org.hibernate.engine.transaction.jta.platform.internal.JtaPlatformInitiator [main] HHH000490: Using JtaPlatform implementation: [org.hibernate.engine.transaction.jta.platform.internal.NoJtaPlatform]
2022-05-25 11:32:26,220 INFO org.springframework.orm.jpa.AbstractEntityManagerFactoryBean [main] Initialized JPA EntityManagerFactory for persistence unit 'default'
2022-05-25 11:32:26,591 WARN org.springframework.boot.autoconfigure.orm.jpa.JpaBaseConfiguration$JpaWebConfiguration [main] spring.jpa.open-in-view is enabled by default. Therefore, database queries may be performed during view rendering. Explicitly configure spring.jpa.open-in-view to disable this warning
2022-05-25 11:32:26,921 INFO org.springframework.scheduling.concurrent.ExecutorConfigurationSupport [main] Initializing ExecutorService 'applicationTaskExecutor'
2022-05-25 11:32:30,127 INFO org.springframework.cloud.commons.util.InetUtils [main] Cannot determine local hostname
2022-05-25 11:32:31,389 INFO org.springframework.cloud.commons.util.InetUtils [main] Cannot determine local hostname
2022-05-25 11:32:31,471 INFO org.apache.juli.logging.DirectJDKLog [main] Starting ProtocolHandler ["http-nio-8082"]
2022-05-25 11:32:31,519 INFO org.springframework.boot.web.embedded.tomcat.TomcatWebServer [main] Tomcat started on port(s): 8082 (http) with context path ''
2022-05-25 11:32:32,750 INFO org.springframework.cloud.commons.util.InetUtils [main] Cannot determine local hostname
2022-05-25 11:32:33,528 INFO org.apache.juli.logging.DirectJDKLog [http-nio-8082-exec-1] Initializing Spring DispatcherServlet 'dispatcherServlet'
2022-05-25 11:32:33,529 INFO org.springframework.web.servlet.FrameworkServlet [http-nio-8082-exec-1] Initializing Servlet 'dispatcherServlet'
2022-05-25 11:32:33,532 INFO org.springframework.web.servlet.FrameworkServlet [http-nio-8082-exec-1] Completed initialization in 2 ms
2022-05-25 11:32:34,085 INFO org.springframework.cloud.commons.util.InetUtils [main] Cannot determine local hostname
2022-05-25 11:32:34,107 INFO org.springframework.boot.StartupInfoLogger [main] Started MicroservicioProcesamientoApplication in 15.642 seconds (JVM running for 16.819)
2022-05-25 11:32:34,695 INFO org.springdoc.api.AbstractOpenApiResource [http-nio-8082-exec-5] Init duration for springdoc-openapi is: 682 ms
2022-05-25 11:32:44,520 WARN org.springframework.web.servlet.handler.AbstractHandlerExceptionResolver [http-nio-8082-exec-6] Resolved [org.springframework.http.converter.HttpMessageNotReadableException: Required request body is missing: public org.springframework.http.ResponseEntity<com.mx.ipn.procesamiento.cliente.bean.RespuestaClasificacionBean> com.mx.ipn.procesamiento.controlador.ProcesamientoControlador.prueba(com.mx.ipn.procesamiento.cliente.bean.ClasificacionBean)]
2022-05-25 11:35:21,275 INFO org.springframework.boot.StartupInfoLogger [main] Starting MicroservicioProcesamientoApplication using Java 15.0.2 on DESKTOP-GCCAVEG with PID 9224 (C:\workspace-pt\microservicio-procesamiento\target\classes started by dervo in C:\workspace-pt\microservicio-procesamiento)
2022-05-25 11:35:21,286 INFO org.springframework.boot.SpringApplication [main] No active profile set, falling back to default profiles: default
2022-05-25 11:35:22,825 INFO org.springframework.data.repository.config.RepositoryConfigurationDelegate [main] Bootstrapping Spring Data JPA repositories in DEFAULT mode.
2022-05-25 11:35:22,860 INFO org.springframework.data.repository.config.RepositoryConfigurationDelegate [main] Finished Spring Data repository scanning in 21 ms. Found 0 JPA repository interfaces.
2022-05-25 11:35:23,248 INFO org.springframework.cloud.context.scope.GenericScope [main] BeanFactory id=be04710d-9fcf-371b-a5ff-1ab78e6151b9
2022-05-25 11:35:24,296 INFO org.springframework.boot.web.embedded.tomcat.TomcatWebServer [main] Tomcat initialized with port(s): 8082 (http)
2022-05-25 11:35:24,315 INFO org.apache.juli.logging.DirectJDKLog [main] Initializing ProtocolHandler ["http-nio-8082"]
2022-05-25 11:35:24,316 INFO org.apache.juli.logging.DirectJDKLog [main] Starting service [Tomcat]
2022-05-25 11:35:24,317 INFO org.apache.juli.logging.DirectJDKLog [main] Starting Servlet engine: [Apache Tomcat/9.0.45]
2022-05-25 11:35:24,605 INFO org.apache.juli.logging.DirectJDKLog [main] Initializing Spring embedded WebApplicationContext
2022-05-25 11:35:24,605 INFO org.springframework.boot.web.servlet.context.ServletWebServerApplicationContext [main] Root WebApplicationContext: initialization completed in 3168 ms
2022-05-25 11:35:24,985 INFO org.hibernate.jpa.internal.util.LogHelper [main] HHH000204: Processing PersistenceUnitInfo [name: default]
2022-05-25 11:35:25,082 INFO org.hibernate.Version [main] HHH000412: Hibernate ORM core version 5.4.30.Final
2022-05-25 11:35:25,307 INFO org.hibernate.annotations.common.reflection.java.JavaReflectionManager [main] HCANN000001: Hibernate Commons Annotations {5.1.2.Final}
2022-05-25 11:35:25,487 INFO com.zaxxer.hikari.HikariDataSource [main] HikariPool-1 - Starting...
2022-05-25 11:35:25,788 INFO com.zaxxer.hikari.HikariDataSource [main] HikariPool-1 - Start completed.
2022-05-25 11:35:25,828 INFO org.hibernate.dialect.Dialect [main] HHH000400: Using dialect: org.hibernate.dialect.PostgreSQL10Dialect
2022-05-25 11:35:27,277 INFO org.hibernate.engine.transaction.jta.platform.internal.JtaPlatformInitiator [main] HHH000490: Using JtaPlatform implementation: [org.hibernate.engine.transaction.jta.platform.internal.NoJtaPlatform]
2022-05-25 11:35:27,290 INFO org.springframework.orm.jpa.AbstractEntityManagerFactoryBean [main] Initialized JPA EntityManagerFactory for persistence unit 'default'
2022-05-25 11:35:27,727 WARN org.springframework.boot.autoconfigure.orm.jpa.JpaBaseConfiguration$JpaWebConfiguration [main] spring.jpa.open-in-view is enabled by default. Therefore, database queries may be performed during view rendering. Explicitly configure spring.jpa.open-in-view to disable this warning
2022-05-25 11:35:28,083 INFO org.springframework.scheduling.concurrent.ExecutorConfigurationSupport [main] Initializing ExecutorService 'applicationTaskExecutor'
2022-05-25 11:35:31,495 INFO org.springframework.cloud.commons.util.InetUtils [main] Cannot determine local hostname
2022-05-25 11:35:32,758 INFO org.springframework.cloud.commons.util.InetUtils [main] Cannot determine local hostname
2022-05-25 11:35:32,825 INFO org.apache.juli.logging.DirectJDKLog [main] Starting ProtocolHandler ["http-nio-8082"]
2022-05-25 11:35:32,871 INFO org.springframework.boot.web.embedded.tomcat.TomcatWebServer [main] Tomcat started on port(s): 8082 (http) with context path ''
2022-05-25 11:35:34,083 INFO org.springframework.cloud.commons.util.InetUtils [main] Cannot determine local hostname
2022-05-25 11:35:35,376 INFO org.springframework.cloud.commons.util.InetUtils [main] Cannot determine local hostname
2022-05-25 11:35:35,397 INFO org.springframework.boot.StartupInfoLogger [main] Started MicroservicioProcesamientoApplication in 16.101 seconds (JVM running for 17.253)
2022-05-25 11:35:35,589 INFO org.apache.juli.logging.DirectJDKLog [http-nio-8082-exec-1] Initializing Spring DispatcherServlet 'dispatcherServlet'
2022-05-25 11:35:35,590 INFO org.springframework.web.servlet.FrameworkServlet [http-nio-8082-exec-1] Initializing Servlet 'dispatcherServlet'
2022-05-25 11:35:35,593 INFO org.springframework.web.servlet.FrameworkServlet [http-nio-8082-exec-1] Completed initialization in 2 ms
2022-05-25 11:35:35,771 WARN org.springframework.web.servlet.handler.AbstractHandlerExceptionResolver [http-nio-8082-exec-1] Resolved [org.springframework.http.converter.HttpMessageNotReadableException: Required request body is missing: public org.springframework.http.ResponseEntity<com.mx.ipn.procesamiento.cliente.bean.RespuestaClasificacionBean> com.mx.ipn.procesamiento.controlador.ProcesamientoControlador.prueba(com.mx.ipn.procesamiento.cliente.bean.ClasificacionBean)]
2022-05-25 11:35:39,761 WARN org.springframework.web.servlet.handler.AbstractHandlerExceptionResolver [http-nio-8082-exec-2] Resolved [org.springframework.http.converter.HttpMessageNotReadableException: Required request body is missing: public org.springframework.http.ResponseEntity<com.mx.ipn.procesamiento.cliente.bean.RespuestaClasificacionBean> com.mx.ipn.procesamiento.controlador.ProcesamientoControlador.prueba(com.mx.ipn.procesamiento.cliente.bean.ClasificacionBean)]
2022-05-25 11:36:25,901 INFO org.springframework.boot.StartupInfoLogger [main] Starting MicroservicioProcesamientoApplication using Java 15.0.2 on DESKTOP-GCCAVEG with PID 6552 (C:\workspace-pt\microservicio-procesamiento\target\classes started by dervo in C:\workspace-pt\microservicio-procesamiento)
2022-05-25 11:36:25,909 INFO org.springframework.boot.SpringApplication [main] No active profile set, falling back to default profiles: default
2022-05-25 11:36:27,750 INFO org.springframework.data.repository.config.RepositoryConfigurationDelegate [main] Bootstrapping Spring Data JPA repositories in DEFAULT mode.
2022-05-25 11:36:27,790 INFO org.springframework.data.repository.config.RepositoryConfigurationDelegate [main] Finished Spring Data repository scanning in 22 ms. Found 0 JPA repository interfaces.
2022-05-25 11:36:28,209 INFO org.springframework.cloud.context.scope.GenericScope [main] BeanFactory id=be04710d-9fcf-371b-a5ff-1ab78e6151b9
2022-05-25 11:36:29,365 INFO org.springframework.boot.web.embedded.tomcat.TomcatWebServer [main] Tomcat initialized with port(s): 8082 (http)
2022-05-25 11:36:29,387 INFO org.apache.juli.logging.DirectJDKLog [main] Initializing ProtocolHandler ["http-nio-8082"]
2022-05-25 11:36:29,389 INFO org.apache.juli.logging.DirectJDKLog [main] Starting service [Tomcat]
2022-05-25 11:36:29,390 INFO org.apache.juli.logging.DirectJDKLog [main] Starting Servlet engine: [Apache Tomcat/9.0.45]
2022-05-25 11:36:29,706 INFO org.apache.juli.logging.DirectJDKLog [main] Initializing Spring embedded WebApplicationContext
2022-05-25 11:36:29,708 INFO org.springframework.boot.web.servlet.context.ServletWebServerApplicationContext [main] Root WebApplicationContext: initialization completed in 3617 ms
2022-05-25 11:36:30,127 INFO org.hibernate.jpa.internal.util.LogHelper [main] HHH000204: Processing PersistenceUnitInfo [name: default]
2022-05-25 11:36:30,237 INFO org.hibernate.Version [main] HHH000412: Hibernate ORM core version 5.4.30.Final
2022-05-25 11:36:30,534 INFO org.hibernate.annotations.common.reflection.java.JavaReflectionManager [main] HCANN000001: Hibernate Commons Annotations {5.1.2.Final}
2022-05-25 11:36:30,748 INFO com.zaxxer.hikari.HikariDataSource [main] HikariPool-1 - Starting...
2022-05-25 11:36:31,085 INFO com.zaxxer.hikari.HikariDataSource [main] HikariPool-1 - Start completed.
2022-05-25 11:36:31,133 INFO org.hibernate.dialect.Dialect [main] HHH000400: Using dialect: org.hibernate.dialect.PostgreSQL10Dialect
2022-05-25 11:36:32,546 INFO org.hibernate.engine.transaction.jta.platform.internal.JtaPlatformInitiator [main] HHH000490: Using JtaPlatform implementation: [org.hibernate.engine.transaction.jta.platform.internal.NoJtaPlatform]
2022-05-25 11:36:32,559 INFO org.springframework.orm.jpa.AbstractEntityManagerFactoryBean [main] Initialized JPA EntityManagerFactory for persistence unit 'default'
2022-05-25 11:36:33,027 WARN org.springframework.boot.autoconfigure.orm.jpa.JpaBaseConfiguration$JpaWebConfiguration [main] spring.jpa.open-in-view is enabled by default. Therefore, database queries may be performed during view rendering. Explicitly configure spring.jpa.open-in-view to disable this warning
2022-05-25 11:36:33,536 INFO org.springframework.scheduling.concurrent.ExecutorConfigurationSupport [main] Initializing ExecutorService 'applicationTaskExecutor'
2022-05-25 11:36:37,571 INFO org.springframework.cloud.commons.util.InetUtils [main] Cannot determine local hostname
2022-05-25 11:36:38,873 INFO org.springframework.cloud.commons.util.InetUtils [main] Cannot determine local hostname
2022-05-25 11:36:38,951 INFO org.apache.juli.logging.DirectJDKLog [main] Starting ProtocolHandler ["http-nio-8082"]
2022-05-25 11:36:39,001 INFO org.springframework.boot.web.embedded.tomcat.TomcatWebServer [main] Tomcat started on port(s): 8082 (http) with context path ''
2022-05-25 11:36:40,258 INFO org.springframework.cloud.commons.util.InetUtils [main] Cannot determine local hostname
2022-05-25 11:36:41,480 INFO org.springframework.cloud.commons.util.InetUtils [main] Cannot determine local hostname
2022-05-25 11:36:41,493 INFO org.springframework.boot.StartupInfoLogger [main] Started MicroservicioProcesamientoApplication in 17.671 seconds (JVM running for 18.932)
2022-05-25 11:36:47,149 INFO org.apache.juli.logging.DirectJDKLog [http-nio-8082-exec-1] Initializing Spring DispatcherServlet 'dispatcherServlet'
2022-05-25 11:36:47,150 INFO org.springframework.web.servlet.FrameworkServlet [http-nio-8082-exec-1] Initializing Servlet 'dispatcherServlet'
2022-05-25 11:36:47,152 INFO org.springframework.web.servlet.FrameworkServlet [http-nio-8082-exec-1] Completed initialization in 1 ms
2022-05-25 11:36:47,344 WARN org.springframework.web.servlet.handler.AbstractHandlerExceptionResolver [http-nio-8082-exec-1] Resolved [org.springframework.http.converter.HttpMessageNotReadableException: Required request body is missing: public org.springframework.http.ResponseEntity<com.mx.ipn.procesamiento.cliente.bean.RespuestaClasificacionBean> com.mx.ipn.procesamiento.controlador.ProcesamientoControlador.prueba(com.mx.ipn.procesamiento.cliente.bean.ClasificacionBean)]
2022-05-25 11:36:50,496 INFO org.springdoc.api.AbstractOpenApiResource [http-nio-8082-exec-5] Init duration for springdoc-openapi is: 720 ms
2022-05-25 11:36:53,786 WARN org.springframework.web.servlet.handler.AbstractHandlerExceptionResolver [http-nio-8082-exec-6] Resolved [org.springframework.http.converter.HttpMessageNotReadableException: Required request body is missing: public org.springframework.http.ResponseEntity<com.mx.ipn.procesamiento.cliente.bean.RespuestaClasificacionBean> com.mx.ipn.procesamiento.controlador.ProcesamientoControlador.prueba(com.mx.ipn.procesamiento.cliente.bean.ClasificacionBean)]
2022-05-25 11:36:55,011 WARN org.springframework.web.servlet.handler.AbstractHandlerExceptionResolver [http-nio-8082-exec-7] Resolved [org.springframework.http.converter.HttpMessageNotReadableException: Required request body is missing: public org.springframework.http.ResponseEntity<com.mx.ipn.procesamiento.cliente.bean.RespuestaClasificacionBean> com.mx.ipn.procesamiento.controlador.ProcesamientoControlador.prueba(com.mx.ipn.procesamiento.cliente.bean.ClasificacionBean)]
2022-05-25 11:36:55,078 WARN org.springframework.web.servlet.handler.AbstractHandlerExceptionResolver [http-nio-8082-exec-8] Resolved [org.springframework.http.converter.HttpMessageNotReadableException: Required request body is missing: public org.springframework.http.ResponseEntity<com.mx.ipn.procesamiento.cliente.bean.RespuestaClasificacionBean> com.mx.ipn.procesamiento.controlador.ProcesamientoControlador.prueba(com.mx.ipn.procesamiento.cliente.bean.ClasificacionBean)]
2022-05-25 11:36:56,015 WARN org.springframework.web.servlet.handler.AbstractHandlerExceptionResolver [http-nio-8082-exec-9] Resolved [org.springframework.http.converter.HttpMessageNotReadableException: Required request body is missing: public org.springframework.http.ResponseEntity<com.mx.ipn.procesamiento.cliente.bean.RespuestaClasificacionBean> com.mx.ipn.procesamiento.controlador.ProcesamientoControlador.prueba(com.mx.ipn.procesamiento.cliente.bean.ClasificacionBean)]
2022-05-25 11:36:56,081 WARN org.springframework.web.servlet.handler.AbstractHandlerExceptionResolver [http-nio-8082-exec-10] Resolved [org.springframework.http.converter.HttpMessageNotReadableException: Required request body is missing: public org.springframework.http.ResponseEntity<com.mx.ipn.procesamiento.cliente.bean.RespuestaClasificacionBean> com.mx.ipn.procesamiento.controlador.ProcesamientoControlador.prueba(com.mx.ipn.procesamiento.cliente.bean.ClasificacionBean)]
2022-05-25 11:37:25,292 INFO org.springframework.boot.StartupInfoLogger [main] Starting MicroservicioProcesamientoApplication using Java 15.0.2 on DESKTOP-GCCAVEG with PID 21572 (C:\workspace-pt\microservicio-procesamiento\target\classes started by dervo in C:\workspace-pt\microservicio-procesamiento)
2022-05-25 11:37:25,297 INFO org.springframework.boot.SpringApplication [main] No active profile set, falling back to default profiles: default
2022-05-25 11:37:26,862 INFO org.springframework.data.repository.config.RepositoryConfigurationDelegate [main] Bootstrapping Spring Data JPA repositories in DEFAULT mode.
2022-05-25 11:37:26,893 INFO org.springframework.data.repository.config.RepositoryConfigurationDelegate [main] Finished Spring Data repository scanning in 17 ms. Found 0 JPA repository interfaces.
2022-05-25 11:37:27,267 INFO org.springframework.cloud.context.scope.GenericScope [main] BeanFactory id=be04710d-9fcf-371b-a5ff-1ab78e6151b9
2022-05-25 11:37:28,298 INFO org.springframework.boot.web.embedded.tomcat.TomcatWebServer [main] Tomcat initialized with port(s): 8082 (http)
2022-05-25 11:37:28,313 INFO org.apache.juli.logging.DirectJDKLog [main] Initializing ProtocolHandler ["http-nio-8082"]
2022-05-25 11:37:28,314 INFO org.apache.juli.logging.DirectJDKLog [main] Starting service [Tomcat]
2022-05-25 11:37:28,315 INFO org.apache.juli.logging.DirectJDKLog [main] Starting Servlet engine: [Apache Tomcat/9.0.45]
2022-05-25 11:37:28,568 INFO org.apache.juli.logging.DirectJDKLog [main] Initializing Spring embedded WebApplicationContext
2022-05-25 11:37:28,569 INFO org.springframework.boot.web.servlet.context.ServletWebServerApplicationContext [main] Root WebApplicationContext: initialization completed in 3079 ms
2022-05-25 11:37:28,946 INFO org.hibernate.jpa.internal.util.LogHelper [main] HHH000204: Processing PersistenceUnitInfo [name: default]
2022-05-25 11:37:29,040 INFO org.hibernate.Version [main] HHH000412: Hibernate ORM core version 5.4.30.Final
2022-05-25 11:37:29,267 INFO org.hibernate.annotations.common.reflection.java.JavaReflectionManager [main] HCANN000001: Hibernate Commons Annotations {5.1.2.Final}
2022-05-25 11:37:29,423 INFO com.zaxxer.hikari.HikariDataSource [main] HikariPool-1 - Starting...
2022-05-25 11:37:29,733 INFO com.zaxxer.hikari.HikariDataSource [main] HikariPool-1 - Start completed.
2022-05-25 11:37:29,782 INFO org.hibernate.dialect.Dialect [main] HHH000400: Using dialect: org.hibernate.dialect.PostgreSQL10Dialect
2022-05-25 11:37:31,180 INFO org.hibernate.engine.transaction.jta.platform.internal.JtaPlatformInitiator [main] HHH000490: Using JtaPlatform implementation: [org.hibernate.engine.transaction.jta.platform.internal.NoJtaPlatform]
2022-05-25 11:37:31,190 INFO org.springframework.orm.jpa.AbstractEntityManagerFactoryBean [main] Initialized JPA EntityManagerFactory for persistence unit 'default'
2022-05-25 11:37:31,616 WARN org.springframework.boot.autoconfigure.orm.jpa.JpaBaseConfiguration$JpaWebConfiguration [main] spring.jpa.open-in-view is enabled by default. Therefore, database queries may be performed during view rendering. Explicitly configure spring.jpa.open-in-view to disable this warning
2022-05-25 11:37:32,022 INFO org.springframework.scheduling.concurrent.ExecutorConfigurationSupport [main] Initializing ExecutorService 'applicationTaskExecutor'
2022-05-25 11:37:35,782 INFO org.springframework.cloud.commons.util.InetUtils [main] Cannot determine local hostname
2022-05-25 11:37:37,048 INFO org.springframework.cloud.commons.util.InetUtils [main] Cannot determine local hostname
2022-05-25 11:37:37,095 INFO org.apache.juli.logging.DirectJDKLog [main] Starting ProtocolHandler ["http-nio-8082"]
2022-05-25 11:37:37,142 INFO org.springframework.boot.web.embedded.tomcat.TomcatWebServer [main] Tomcat started on port(s): 8082 (http) with context path ''
2022-05-25 11:37:38,379 INFO org.springframework.cloud.commons.util.InetUtils [main] Cannot determine local hostname
2022-05-25 11:37:39,598 INFO org.springframework.cloud.commons.util.InetUtils [main] Cannot determine local hostname
2022-05-25 11:37:39,615 INFO org.springframework.boot.StartupInfoLogger [main] Started MicroservicioProcesamientoApplication in 16.323 seconds (JVM running for 17.463)
2022-05-25 11:37:48,177 INFO org.apache.juli.logging.DirectJDKLog [http-nio-8082-exec-1] Initializing Spring DispatcherServlet 'dispatcherServlet'
2022-05-25 11:37:48,177 INFO org.springframework.web.servlet.FrameworkServlet [http-nio-8082-exec-1] Initializing Servlet 'dispatcherServlet'
2022-05-25 11:37:48,180 INFO org.springframework.web.servlet.FrameworkServlet [http-nio-8082-exec-1] Completed initialization in 2 ms
2022-05-25 11:37:48,405 WARN org.springframework.web.servlet.handler.AbstractHandlerExceptionResolver [http-nio-8082-exec-1] Resolved [org.springframework.http.converter.HttpMessageNotReadableException: Required request body is missing: public org.springframework.http.ResponseEntity<com.mx.ipn.procesamiento.cliente.bean.RespuestaClasificacionBean> com.mx.ipn.procesamiento.controlador.ProcesamientoControlador.prueba(com.mx.ipn.procesamiento.cliente.bean.ClasificacionBean)]
2022-05-25 11:38:19,052 INFO org.springframework.boot.StartupInfoLogger [main] Starting MicroservicioProcesamientoApplication using Java 15.0.2 on DESKTOP-GCCAVEG with PID 1376 (C:\workspace-pt\microservicio-procesamiento\target\classes started by dervo in C:\workspace-pt\microservicio-procesamiento)
2022-05-25 11:38:19,063 INFO org.springframework.boot.SpringApplication [main] No active profile set, falling back to default profiles: default
2022-05-25 11:38:20,585 INFO org.springframework.data.repository.config.RepositoryConfigurationDelegate [main] Bootstrapping Spring Data JPA repositories in DEFAULT mode.
2022-05-25 11:38:20,620 INFO org.springframework.data.repository.config.RepositoryConfigurationDelegate [main] Finished Spring Data repository scanning in 19 ms. Found 0 JPA repository interfaces.
2022-05-25 11:38:21,026 INFO org.springframework.cloud.context.scope.GenericScope [main] BeanFactory id=be04710d-9fcf-371b-a5ff-1ab78e6151b9
2022-05-25 11:38:21,978 INFO org.springframework.boot.web.embedded.tomcat.TomcatWebServer [main] Tomcat initialized with port(s): 8082 (http)
2022-05-25 11:38:22,004 INFO org.apache.juli.logging.DirectJDKLog [main] Initializing ProtocolHandler ["http-nio-8082"]
2022-05-25 11:38:22,005 INFO org.apache.juli.logging.DirectJDKLog [main] Starting service [Tomcat]
2022-05-25 11:38:22,007 INFO org.apache.juli.logging.DirectJDKLog [main] Starting Servlet engine: [Apache Tomcat/9.0.45]
2022-05-25 11:38:22,295 INFO org.apache.juli.logging.DirectJDKLog [main] Initializing Spring embedded WebApplicationContext
2022-05-25 11:38:22,297 INFO org.springframework.boot.web.servlet.context.ServletWebServerApplicationContext [main] Root WebApplicationContext: initialization completed in 3074 ms
2022-05-25 11:38:22,721 INFO org.hibernate.jpa.internal.util.LogHelper [main] HHH000204: Processing PersistenceUnitInfo [name: default]
2022-05-25 11:38:22,798 INFO org.hibernate.Version [main] HHH000412: Hibernate ORM core version 5.4.30.Final
2022-05-25 11:38:23,026 INFO org.hibernate.annotations.common.reflection.java.JavaReflectionManager [main] HCANN000001: Hibernate Commons Annotations {5.1.2.Final}
2022-05-25 11:38:23,205 INFO com.zaxxer.hikari.HikariDataSource [main] HikariPool-1 - Starting...
2022-05-25 11:38:23,522 INFO com.zaxxer.hikari.HikariDataSource [main] HikariPool-1 - Start completed.
2022-05-25 11:38:23,572 INFO org.hibernate.dialect.Dialect [main] HHH000400: Using dialect: org.hibernate.dialect.PostgreSQL10Dialect
2022-05-25 11:38:24,876 INFO org.hibernate.engine.transaction.jta.platform.internal.JtaPlatformInitiator [main] HHH000490: Using JtaPlatform implementation: [org.hibernate.engine.transaction.jta.platform.internal.NoJtaPlatform]
2022-05-25 11:38:24,889 INFO org.springframework.orm.jpa.AbstractEntityManagerFactoryBean [main] Initialized JPA EntityManagerFactory for persistence unit 'default'
2022-05-25 11:38:25,245 WARN org.springframework.boot.autoconfigure.orm.jpa.JpaBaseConfiguration$JpaWebConfiguration [main] spring.jpa.open-in-view is enabled by default. Therefore, database queries may be performed during view rendering. Explicitly configure spring.jpa.open-in-view to disable this warning
2022-05-25 11:38:25,606 INFO org.springframework.scheduling.concurrent.ExecutorConfigurationSupport [main] Initializing ExecutorService 'applicationTaskExecutor'
2022-05-25 11:38:29,042 INFO org.springframework.cloud.commons.util.InetUtils [main] Cannot determine local hostname
2022-05-25 11:38:30,459 INFO org.springframework.cloud.commons.util.InetUtils [main] Cannot determine local hostname
2022-05-25 11:38:30,534 INFO org.apache.juli.logging.DirectJDKLog [main] Starting ProtocolHandler ["http-nio-8082"]
2022-05-25 11:38:30,577 INFO org.springframework.boot.web.embedded.tomcat.TomcatWebServer [main] Tomcat started on port(s): 8082 (http) with context path ''
2022-05-25 11:38:31,802 INFO org.springframework.cloud.commons.util.InetUtils [main] Cannot determine local hostname
2022-05-25 11:38:32,949 INFO org.apache.juli.logging.DirectJDKLog [http-nio-8082-exec-1] Initializing Spring DispatcherServlet 'dispatcherServlet'
2022-05-25 11:38:32,949 INFO org.springframework.web.servlet.FrameworkServlet [http-nio-8082-exec-1] Initializing Servlet 'dispatcherServlet'
2022-05-25 11:38:32,953 INFO org.springframework.web.servlet.FrameworkServlet [http-nio-8082-exec-1] Completed initialization in 4 ms
2022-05-25 11:38:32,983 WARN org.springframework.web.servlet.handler.AbstractHandlerExceptionResolver [http-nio-8082-exec-1] Resolved [org.springframework.web.HttpRequestMethodNotSupportedException: Request method 'GET' not supported]
2022-05-25 11:38:33,012 INFO org.springframework.cloud.commons.util.InetUtils [main] Cannot determine local hostname
2022-05-25 11:38:33,025 INFO org.springframework.boot.StartupInfoLogger [main] Started MicroservicioProcesamientoApplication in 15.932 seconds (JVM running for 17.086)
2022-05-25 11:38:35,710 INFO org.springdoc.api.AbstractOpenApiResource [http-nio-8082-exec-5] Init duration for springdoc-openapi is: 667 ms
2022-05-25 11:38:39,563 INFO com.mx.ipn.procesamiento.controlador.ProcesamientoControlador [http-nio-8082-exec-7] <----- Inicio petición ----->
2022-05-25 11:38:39,564 INFO com.mx.ipn.procesamiento.controlador.ProcesamientoControlador [http-nio-8082-exec-7] ClasificacionBean(sexo=0, ritmo_cardiaco=0, edad=0)
2022-05-25 11:38:39,590 INFO com.mx.ipn.procesamiento.controlador.ProcesamientoControlador [http-nio-8082-exec-8] <----- Inicio petición ----->
2022-05-25 11:38:39,591 INFO com.mx.ipn.procesamiento.controlador.ProcesamientoControlador [http-nio-8082-exec-8] ClasificacionBean(sexo=0, ritmo_cardiaco=0, edad=0)
2022-05-25 11:38:39,627 INFO com.mx.ipn.procesamiento.controlador.ProcesamientoControlador [http-nio-8082-exec-8] ---Fin petición controlador Usuario----
2022-05-25 11:38:39,638 INFO com.mx.ipn.procesamiento.controlador.ProcesamientoControlador [http-nio-8082-exec-7] ---Fin petición controlador Usuario----
2022-05-25 11:38:51,534 INFO com.mx.ipn.procesamiento.controlador.ProcesamientoControlador [http-nio-8082-exec-9] <----- Inicio petición ----->
2022-05-25 11:38:51,536 INFO com.mx.ipn.procesamiento.controlador.ProcesamientoControlador [http-nio-8082-exec-9] ClasificacionBean(sexo=1, ritmo_cardiaco=200, edad=30)
2022-05-25 11:38:51,561 INFO com.mx.ipn.procesamiento.controlador.ProcesamientoControlador [http-nio-8082-exec-9] ---Fin petición controlador Usuario----
2022-05-25 11:38:51,613 INFO com.mx.ipn.procesamiento.controlador.ProcesamientoControlador [http-nio-8082-exec-10] <----- Inicio petición ----->
2022-05-25 11:38:51,614 INFO com.mx.ipn.procesamiento.controlador.ProcesamientoControlador [http-nio-8082-exec-10] ClasificacionBean(sexo=1, ritmo_cardiaco=200, edad=30)
2022-05-25 11:38:51,643 INFO com.mx.ipn.procesamiento.controlador.ProcesamientoControlador [http-nio-8082-exec-10] ---Fin petición controlador Usuario----
2022-05-25 11:38:58,482 INFO com.mx.ipn.procesamiento.controlador.ProcesamientoControlador [http-nio-8082-exec-1] <----- Inicio petición ----->
2022-05-25 11:38:58,483 INFO com.mx.ipn.procesamiento.controlador.ProcesamientoControlador [http-nio-8082-exec-1] ClasificacionBean(sexo=1, ritmo_cardiaco=100, edad=30)
2022-05-25 11:38:58,517 INFO com.mx.ipn.procesamiento.controlador.ProcesamientoControlador [http-nio-8082-exec-1] ---Fin petición controlador Usuario----
2022-05-25 11:39:09,688 INFO com.mx.ipn.procesamiento.controlador.ProcesamientoControlador [http-nio-8082-exec-2] <----- Inicio petición ----->
2022-05-25 11:39:09,689 INFO com.mx.ipn.procesamiento.controlador.ProcesamientoControlador [http-nio-8082-exec-2] ClasificacionBean(sexo=1, ritmo_cardiaco=80, edad=30)
2022-05-25 11:39:09,724 INFO com.mx.ipn.procesamiento.controlador.ProcesamientoControlador [http-nio-8082-exec-2] ---Fin petición controlador Usuario----
2022-05-25 11:39:16,800 INFO com.mx.ipn.procesamiento.controlador.ProcesamientoControlador [http-nio-8082-exec-3] <----- Inicio petición ----->
2022-05-25 11:39:16,802 INFO com.mx.ipn.procesamiento.controlador.ProcesamientoControlador [http-nio-8082-exec-3] ClasificacionBean(sexo=1, ritmo_cardiaco=10, edad=30)
2022-05-25 11:39:16,835 INFO com.mx.ipn.procesamiento.controlador.ProcesamientoControlador [http-nio-8082-exec-3] ---Fin petición controlador Usuario----
2022-05-25 11:39:16,881 INFO com.mx.ipn.procesamiento.controlador.ProcesamientoControlador [http-nio-8082-exec-4] <----- Inicio petición ----->
2022-05-25 11:39:16,882 INFO com.mx.ipn.procesamiento.controlador.ProcesamientoControlador [http-nio-8082-exec-4] ClasificacionBean(sexo=1, ritmo_cardiaco=10, edad=30)
2022-05-25 11:39:16,911 INFO com.mx.ipn.procesamiento.controlador.ProcesamientoControlador [http-nio-8082-exec-4] ---Fin petición controlador Usuario----
2022-05-25 11:58:14,882 INFO org.springframework.boot.StartupInfoLogger [main] Starting MicroservicioProcesamientoApplication using Java 15.0.2 on DESKTOP-GCCAVEG with PID 7496 (C:\workspace-pt\microservicio-procesamiento\target\classes started by dervo in C:\workspace-pt\microservicio-procesamiento)
2022-05-25 11:58:14,890 INFO org.springframework.boot.SpringApplication [main] No active profile set, falling back to default profiles: default
2022-05-25 11:58:16,494 INFO org.springframework.data.repository.config.RepositoryConfigurationDelegate [main] Bootstrapping Spring Data JPA repositories in DEFAULT mode.
2022-05-25 11:58:16,530 INFO org.springframework.data.repository.config.RepositoryConfigurationDelegate [main] Finished Spring Data repository scanning in 20 ms. Found 0 JPA repository interfaces.
2022-05-25 11:58:16,909 INFO org.springframework.cloud.context.scope.GenericScope [main] BeanFactory id=94920533-ef7a-3626-86d3-0edbafca1e14
2022-05-25 11:58:17,889 INFO org.springframework.boot.web.embedded.tomcat.TomcatWebServer [main] Tomcat initialized with port(s): 8082 (http)
2022-05-25 11:58:17,912 INFO org.apache.juli.logging.DirectJDKLog [main] Initializing ProtocolHandler ["http-nio-8082"]
2022-05-25 11:58:17,913 INFO org.apache.juli.logging.DirectJDKLog [main] Starting service [Tomcat]
2022-05-25 11:58:17,914 INFO org.apache.juli.logging.DirectJDKLog [main] Starting Servlet engine: [Apache Tomcat/9.0.45]
2022-05-25 11:58:18,195 INFO org.apache.juli.logging.DirectJDKLog [main] Initializing Spring embedded WebApplicationContext
2022-05-25 11:58:18,196 INFO org.springframework.boot.web.servlet.context.ServletWebServerApplicationContext [main] Root WebApplicationContext: initialization completed in 3119 ms
2022-05-25 11:58:18,598 INFO org.hibernate.jpa.internal.util.LogHelper [main] HHH000204: Processing PersistenceUnitInfo [name: default]
2022-05-25 11:58:18,690 INFO org.hibernate.Version [main] HHH000412: Hibernate ORM core version 5.4.30.Final
2022-05-25 11:58:18,913 INFO org.hibernate.annotations.common.reflection.java.JavaReflectionManager [main] HCANN000001: Hibernate Commons Annotations {5.1.2.Final}
2022-05-25 11:58:19,079 INFO com.zaxxer.hikari.HikariDataSource [main] HikariPool-1 - Starting...
2022-05-25 11:58:19,380 INFO com.zaxxer.hikari.HikariDataSource [main] HikariPool-1 - Start completed.
2022-05-25 11:58:19,430 INFO org.hibernate.dialect.Dialect [main] HHH000400: Using dialect: org.hibernate.dialect.PostgreSQL10Dialect
2022-05-25 11:58:20,985 INFO org.hibernate.engine.transaction.jta.platform.internal.JtaPlatformInitiator [main] HHH000490: Using JtaPlatform implementation: [org.hibernate.engine.transaction.jta.platform.internal.NoJtaPlatform]
2022-05-25 11:58:21,001 INFO org.springframework.orm.jpa.AbstractEntityManagerFactoryBean [main] Initialized JPA EntityManagerFactory for persistence unit 'default'
2022-05-25 11:58:21,407 WARN org.springframework.boot.autoconfigure.orm.jpa.JpaBaseConfiguration$JpaWebConfiguration [main] spring.jpa.open-in-view is enabled by default. Therefore, database queries may be performed during view rendering. Explicitly configure spring.jpa.open-in-view to disable this warning
2022-05-25 11:58:21,821 INFO org.springframework.scheduling.concurrent.ExecutorConfigurationSupport [main] Initializing ExecutorService 'applicationTaskExecutor'
2022-05-25 11:58:25,087 INFO org.springframework.cloud.commons.util.InetUtils [main] Cannot determine local hostname
2022-05-25 11:58:26,295 INFO org.springframework.cloud.commons.util.InetUtils [main] Cannot determine local hostname
2022-05-25 11:58:26,342 INFO org.apache.juli.logging.DirectJDKLog [main] Starting ProtocolHandler ["http-nio-8082"]
2022-05-25 11:58:26,401 INFO org.springframework.boot.web.embedded.tomcat.TomcatWebServer [main] Tomcat started on port(s): 8082 (http) with context path ''
2022-05-25 11:58:27,644 INFO org.springframework.cloud.commons.util.InetUtils [main] Cannot determine local hostname
2022-05-25 11:58:28,847 INFO org.springframework.cloud.commons.util.InetUtils [main] Cannot determine local hostname
2022-05-25 11:58:28,865 INFO org.springframework.boot.StartupInfoLogger [main] Started MicroservicioProcesamientoApplication in 15.945 seconds (JVM running for 17.208)
2022-05-25 11:58:50,788 INFO org.apache.juli.logging.DirectJDKLog [http-nio-8082-exec-1] Initializing Spring DispatcherServlet 'dispatcherServlet'
2022-05-25 11:58:50,789 INFO org.springframework.web.servlet.FrameworkServlet [http-nio-8082-exec-1] Initializing Servlet 'dispatcherServlet'
2022-05-25 11:58:50,794 INFO org.springframework.web.servlet.FrameworkServlet [http-nio-8082-exec-1] Completed initialization in 5 ms
2022-05-25 11:58:52,284 INFO org.springdoc.api.AbstractOpenApiResource [http-nio-8082-exec-4] Init duration for springdoc-openapi is: 761 ms
2022-05-25 12:00:19,876 INFO com.mx.ipn.procesamiento.controlador.ProcesamientoControlador [http-nio-8082-exec-8] <----- Inicio petición ----->
2022-05-25 12:00:19,938 ERROR org.apache.juli.logging.DirectJDKLog [http-nio-8082-exec-8] Servlet.service() for servlet [dispatcherServlet] in context with path [] threw exception [Request processing failed; nested exception is feign.FeignException$InternalServerError: [500 INTERNAL SERVER ERROR] during [POST] to [http://localhost:4000/procesar-ecg] [PanTomkinsRestApi#obtenerClasificacion(ECGBean)]: [<!DOCTYPE HTML PUBLIC "-//W3C//DTD HTML 4.01 Transitional//EN"
  "http://www.w3.org/TR/html4/loose.dtd">
<html>
  <head>
    <title>KeyError: 'edad' // Werkzeug Debugger</title>
    <link rel="stylesh... (24147 bytes)]] with root cause
feign.FeignException$InternalServerError: [500 INTERNAL SERVER ERROR] during [POST] to [http://localhost:4000/procesar-ecg] [PanTomkinsRestApi#obtenerClasificacion(ECGBean)]: [<!DOCTYPE HTML PUBLIC "-//W3C//DTD HTML 4.01 Transitional//EN"
  "http://www.w3.org/TR/html4/loose.dtd">
<html>
  <head>
    <title>KeyError: 'edad' // Werkzeug Debugger</title>
    <link rel="stylesh... (24147 bytes)]
	at feign.FeignException.serverErrorStatus(FeignException.java:231)
	at feign.FeignException.errorStatus(FeignException.java:180)
	at feign.FeignException.errorStatus(FeignException.java:169)
	at feign.codec.ErrorDecoder$Default.decode(ErrorDecoder.java:92)
	at feign.AsyncResponseHandler.handleResponse(AsyncResponseHandler.java:96)
	at feign.SynchronousMethodHandler.executeAndDecode(SynchronousMethodHandler.java:138)
	at feign.SynchronousMethodHandler.invoke(SynchronousMethodHandler.java:89)
	at feign.ReflectiveFeign$FeignInvocationHandler.invoke(ReflectiveFeign.java:100)
	at com.sun.proxy.$Proxy113.obtenerClasificacion(Unknown Source)
	at com.mx.ipn.procesamiento.controlador.ProcesamientoControlador.panTomkinsPrueba(ProcesamientoControlador.java:83)
	at java.base/jdk.internal.reflect.NativeMethodAccessorImpl.invoke0(Native Method)
	at java.base/jdk.internal.reflect.NativeMethodAccessorImpl.invoke(NativeMethodAccessorImpl.java:64)
	at java.base/jdk.internal.reflect.DelegatingMethodAccessorImpl.invoke(DelegatingMethodAccessorImpl.java:43)
	at java.base/java.lang.reflect.Method.invoke(Method.java:564)
	at org.springframework.web.method.support.InvocableHandlerMethod.doInvoke(InvocableHandlerMethod.java:197)
	at org.springframework.web.method.support.InvocableHandlerMethod.invokeForRequest(InvocableHandlerMethod.java:141)
	at org.springframework.web.servlet.mvc.method.annotation.ServletInvocableHandlerMethod.invokeAndHandle(ServletInvocableHandlerMethod.java:106)
	at org.springframework.web.servlet.mvc.method.annotation.RequestMappingHandlerAdapter.invokeHandlerMethod(RequestMappingHandlerAdapter.java:894)
	at org.springframework.web.servlet.mvc.method.annotation.RequestMappingHandlerAdapter.handleInternal(RequestMappingHandlerAdapter.java:808)
	at org.springframework.web.servlet.mvc.method.AbstractHandlerMethodAdapter.handle(AbstractHandlerMethodAdapter.java:87)
	at org.springframework.web.servlet.DispatcherServlet.doDispatch(DispatcherServlet.java:1060)
	at org.springframework.web.servlet.DispatcherServlet.doService(DispatcherServlet.java:962)
	at org.springframework.web.servlet.FrameworkServlet.processRequest(FrameworkServlet.java:1006)
	at org.springframework.web.servlet.FrameworkServlet.doPost(FrameworkServlet.java:909)
	at javax.servlet.http.HttpServlet.service(HttpServlet.java:652)
	at org.springframework.web.servlet.FrameworkServlet.service(FrameworkServlet.java:883)
	at javax.servlet.http.HttpServlet.service(HttpServlet.java:733)
	at org.apache.catalina.core.ApplicationFilterChain.internalDoFilter(ApplicationFilterChain.java:227)
	at org.apache.catalina.core.ApplicationFilterChain.doFilter(ApplicationFilterChain.java:162)
	at org.apache.tomcat.websocket.server.WsFilter.doFilter(WsFilter.java:53)
	at org.apache.catalina.core.ApplicationFilterChain.internalDoFilter(ApplicationFilterChain.java:189)
	at org.apache.catalina.core.ApplicationFilterChain.doFilter(ApplicationFilterChain.java:162)
	at org.springframework.web.filter.RequestContextFilter.doFilterInternal(RequestContextFilter.java:100)
	at org.springframework.web.filter.OncePerRequestFilter.doFilter(OncePerRequestFilter.java:119)
	at org.apache.catalina.core.ApplicationFilterChain.internalDoFilter(ApplicationFilterChain.java:189)
	at org.apache.catalina.core.ApplicationFilterChain.doFilter(ApplicationFilterChain.java:162)
	at org.springframework.web.filter.FormContentFilter.doFilterInternal(FormContentFilter.java:93)
	at org.springframework.web.filter.OncePerRequestFilter.doFilter(OncePerRequestFilter.java:119)
	at org.apache.catalina.core.ApplicationFilterChain.internalDoFilter(ApplicationFilterChain.java:189)
	at org.apache.catalina.core.ApplicationFilterChain.doFilter(ApplicationFilterChain.java:162)
	at org.springframework.web.filter.CharacterEncodingFilter.doFilterInternal(CharacterEncodingFilter.java:201)
	at org.springframework.web.filter.OncePerRequestFilter.doFilter(OncePerRequestFilter.java:119)
	at org.apache.catalina.core.ApplicationFilterChain.internalDoFilter(ApplicationFilterChain.java:189)
	at org.apache.catalina.core.ApplicationFilterChain.doFilter(ApplicationFilterChain.java:162)
	at org.apache.catalina.core.StandardWrapperValve.invoke(StandardWrapperValve.java:202)
	at org.apache.catalina.core.StandardContextValve.invoke(StandardContextValve.java:97)
	at org.apache.catalina.authenticator.AuthenticatorBase.invoke(AuthenticatorBase.java:542)
	at org.apache.catalina.core.StandardHostValve.invoke(StandardHostValve.java:143)
	at org.apache.catalina.valves.ErrorReportValve.invoke(ErrorReportValve.java:92)
	at org.apache.catalina.core.StandardEngineValve.invoke(StandardEngineValve.java:78)
	at org.apache.catalina.connector.CoyoteAdapter.service(CoyoteAdapter.java:357)
	at org.apache.coyote.http11.Http11Processor.service(Http11Processor.java:374)
	at org.apache.coyote.AbstractProcessorLight.process(AbstractProcessorLight.java:65)
	at org.apache.coyote.AbstractProtocol$ConnectionHandler.process(AbstractProtocol.java:893)
	at org.apache.tomcat.util.net.NioEndpoint$SocketProcessor.doRun(NioEndpoint.java:1707)
	at org.apache.tomcat.util.net.SocketProcessorBase.run(SocketProcessorBase.java:49)
	at java.base/java.util.concurrent.ThreadPoolExecutor.runWorker(ThreadPoolExecutor.java:1130)
	at java.base/java.util.concurrent.ThreadPoolExecutor$Worker.run(ThreadPoolExecutor.java:630)
	at org.apache.tomcat.util.threads.TaskThread$WrappingRunnable.run(TaskThread.java:61)
	at java.base/java.lang.Thread.run(Thread.java:832)
2022-05-25 12:00:39,927 INFO com.mx.ipn.procesamiento.controlador.ProcesamientoControlador [http-nio-8082-exec-9] <----- Inicio petición ----->
2022-05-25 12:00:40,092 INFO com.mx.ipn.procesamiento.controlador.ProcesamientoControlador [http-nio-8082-exec-9] ---Fin petición controlador Usuario----
2022-05-25 12:07:35,000 INFO com.mx.ipn.procesamiento.controlador.ProcesamientoControlador [http-nio-8082-exec-5] <----- Inicio petición ----->
2022-05-25 12:07:35,042 INFO com.mx.ipn.procesamiento.controlador.ProcesamientoControlador [http-nio-8082-exec-5] ---Fin petición controlador Usuario----
2022-05-25 12:07:42,212 INFO com.mx.ipn.procesamiento.controlador.ProcesamientoControlador [http-nio-8082-exec-6] <----- Inicio petición ----->
2022-05-25 12:07:42,240 INFO com.mx.ipn.procesamiento.controlador.ProcesamientoControlador [http-nio-8082-exec-6] ---Fin petición controlador Usuario----
2022-05-25 12:14:10,929 INFO org.springframework.boot.StartupInfoLogger [main] Starting MicroservicioProcesamientoApplication using Java 15.0.2 on DESKTOP-GCCAVEG with PID 14820 (C:\workspace-pt\microservicio-procesamiento\target\classes started by dervo in C:\workspace-pt\microservicio-procesamiento)
2022-05-25 12:14:10,934 INFO org.springframework.boot.SpringApplication [main] No active profile set, falling back to default profiles: default
2022-05-25 12:14:14,281 INFO org.springframework.data.repository.config.RepositoryConfigurationDelegate [main] Bootstrapping Spring Data JPA repositories in DEFAULT mode.
2022-05-25 12:14:14,317 INFO org.springframework.data.repository.config.RepositoryConfigurationDelegate [main] Finished Spring Data repository scanning in 22 ms. Found 0 JPA repository interfaces.
2022-05-25 12:14:15,044 INFO org.springframework.cloud.context.scope.GenericScope [main] BeanFactory id=94920533-ef7a-3626-86d3-0edbafca1e14
2022-05-25 12:14:16,328 INFO org.springframework.boot.web.embedded.tomcat.TomcatWebServer [main] Tomcat initialized with port(s): 8082 (http)
2022-05-25 12:14:16,347 INFO org.apache.juli.logging.DirectJDKLog [main] Initializing ProtocolHandler ["http-nio-8082"]
2022-05-25 12:14:16,348 INFO org.apache.juli.logging.DirectJDKLog [main] Starting service [Tomcat]
2022-05-25 12:14:16,350 INFO org.apache.juli.logging.DirectJDKLog [main] Starting Servlet engine: [Apache Tomcat/9.0.45]
2022-05-25 12:14:16,696 INFO org.apache.juli.logging.DirectJDKLog [main] Initializing Spring embedded WebApplicationContext
2022-05-25 12:14:16,696 INFO org.springframework.boot.web.servlet.context.ServletWebServerApplicationContext [main] Root WebApplicationContext: initialization completed in 5610 ms
2022-05-25 12:14:17,156 INFO org.hibernate.jpa.internal.util.LogHelper [main] HHH000204: Processing PersistenceUnitInfo [name: default]
2022-05-25 12:14:17,261 INFO org.hibernate.Version [main] HHH000412: Hibernate ORM core version 5.4.30.Final
2022-05-25 12:14:17,517 INFO org.hibernate.annotations.common.reflection.java.JavaReflectionManager [main] HCANN000001: Hibernate Commons Annotations {5.1.2.Final}
2022-05-25 12:14:17,705 INFO com.zaxxer.hikari.HikariDataSource [main] HikariPool-1 - Starting...
2022-05-25 12:14:18,141 INFO com.zaxxer.hikari.HikariDataSource [main] HikariPool-1 - Start completed.
2022-05-25 12:14:18,199 INFO org.hibernate.dialect.Dialect [main] HHH000400: Using dialect: org.hibernate.dialect.PostgreSQL10Dialect
2022-05-25 12:14:19,793 INFO org.hibernate.engine.transaction.jta.platform.internal.JtaPlatformInitiator [main] HHH000490: Using JtaPlatform implementation: [org.hibernate.engine.transaction.jta.platform.internal.NoJtaPlatform]
2022-05-25 12:14:19,806 INFO org.springframework.orm.jpa.AbstractEntityManagerFactoryBean [main] Initialized JPA EntityManagerFactory for persistence unit 'default'
2022-05-25 12:14:20,270 WARN org.springframework.boot.autoconfigure.orm.jpa.JpaBaseConfiguration$JpaWebConfiguration [main] spring.jpa.open-in-view is enabled by default. Therefore, database queries may be performed during view rendering. Explicitly configure spring.jpa.open-in-view to disable this warning
2022-05-25 12:14:20,713 INFO org.springframework.scheduling.concurrent.ExecutorConfigurationSupport [main] Initializing ExecutorService 'applicationTaskExecutor'
2022-05-25 12:14:24,571 INFO org.springframework.cloud.commons.util.InetUtils [main] Cannot determine local hostname
2022-05-25 12:14:25,811 INFO org.springframework.cloud.commons.util.InetUtils [main] Cannot determine local hostname
2022-05-25 12:14:25,861 INFO org.apache.juli.logging.DirectJDKLog [main] Starting ProtocolHandler ["http-nio-8082"]
2022-05-25 12:14:25,909 INFO org.springframework.boot.web.embedded.tomcat.TomcatWebServer [main] Tomcat started on port(s): 8082 (http) with context path ''
2022-05-25 12:14:27,155 INFO org.springframework.cloud.commons.util.InetUtils [main] Cannot determine local hostname
2022-05-25 12:14:28,490 INFO org.springframework.cloud.commons.util.InetUtils [main] Cannot determine local hostname
2022-05-25 12:14:28,512 INFO org.springframework.boot.StartupInfoLogger [main] Started MicroservicioProcesamientoApplication in 19.846 seconds (JVM running for 21.683)
2022-05-25 12:25:13,313 INFO org.apache.juli.logging.DirectJDKLog [http-nio-8082-exec-3] Initializing Spring DispatcherServlet 'dispatcherServlet'
2022-05-25 12:25:13,314 INFO org.springframework.web.servlet.FrameworkServlet [http-nio-8082-exec-3] Initializing Servlet 'dispatcherServlet'
2022-05-25 12:25:13,316 INFO org.springframework.web.servlet.FrameworkServlet [http-nio-8082-exec-3] Completed initialization in 1 ms
2022-05-25 12:29:00,755 WARN org.springframework.web.servlet.handler.AbstractHandlerExceptionResolver [http-nio-8082-exec-7] Resolved [org.springframework.http.converter.HttpMessageNotReadableException: JSON parse error: Unexpected character ('s' (code 115)): was expecting double-quote to start field name; nested exception is com.fasterxml.jackson.core.JsonParseException: Unexpected character ('s' (code 115)): was expecting double-quote to start field name
 at [Source: (PushbackInputStream); line: 2, column: 3]]
2022-05-25 12:29:20,637 WARN org.springframework.web.servlet.handler.AbstractHandlerExceptionResolver [http-nio-8082-exec-8] Resolved [org.springframework.http.converter.HttpMessageNotReadableException: JSON parse error: Unexpected character (''' (code 39)): was expecting double-quote to start field name; nested exception is com.fasterxml.jackson.core.JsonParseException: Unexpected character (''' (code 39)): was expecting double-quote to start field name
 at [Source: (PushbackInputStream); line: 2, column: 3]]
2022-05-25 12:29:37,903 INFO com.mx.ipn.procesamiento.controlador.ProcesamientoControlador [http-nio-8082-exec-9] <----- Inicio petición ----->
2022-05-25 12:29:37,977 INFO com.mx.ipn.procesamiento.controlador.ProcesamientoControlador [http-nio-8082-exec-9] ---Fin petición controlador Usuario----
2022-05-25 12:32:16,918 INFO org.springframework.boot.StartupInfoLogger [main] Starting MicroservicioProcesamientoApplication using Java 15.0.2 on DESKTOP-GCCAVEG with PID 9208 (C:\workspace-pt\microservicio-procesamiento\target\classes started by dervo in C:\workspace-pt\microservicio-procesamiento)
2022-05-25 12:32:16,924 INFO org.springframework.boot.SpringApplication [main] No active profile set, falling back to default profiles: default
2022-05-25 12:32:18,685 INFO org.springframework.data.repository.config.RepositoryConfigurationDelegate [main] Bootstrapping Spring Data JPA repositories in DEFAULT mode.
2022-05-25 12:32:18,729 INFO org.springframework.data.repository.config.RepositoryConfigurationDelegate [main] Finished Spring Data repository scanning in 17 ms. Found 0 JPA repository interfaces.
2022-05-25 12:32:19,221 INFO org.springframework.cloud.context.scope.GenericScope [main] BeanFactory id=94920533-ef7a-3626-86d3-0edbafca1e14
2022-05-25 12:32:20,353 INFO org.springframework.boot.web.embedded.tomcat.TomcatWebServer [main] Tomcat initialized with port(s): 8082 (http)
2022-05-25 12:32:20,377 INFO org.apache.juli.logging.DirectJDKLog [main] Initializing ProtocolHandler ["http-nio-8082"]
2022-05-25 12:32:20,382 INFO org.apache.juli.logging.DirectJDKLog [main] Starting service [Tomcat]
2022-05-25 12:32:20,384 INFO org.apache.juli.logging.DirectJDKLog [main] Starting Servlet engine: [Apache Tomcat/9.0.45]
2022-05-25 12:32:20,759 INFO org.apache.juli.logging.DirectJDKLog [main] Initializing Spring embedded WebApplicationContext
2022-05-25 12:32:20,759 INFO org.springframework.boot.web.servlet.context.ServletWebServerApplicationContext [main] Root WebApplicationContext: initialization completed in 3604 ms
2022-05-25 12:32:21,185 INFO org.hibernate.jpa.internal.util.LogHelper [main] HHH000204: Processing PersistenceUnitInfo [name: default]
2022-05-25 12:32:21,335 INFO org.hibernate.Version [main] HHH000412: Hibernate ORM core version 5.4.30.Final
2022-05-25 12:32:21,721 INFO org.hibernate.annotations.common.reflection.java.JavaReflectionManager [main] HCANN000001: Hibernate Commons Annotations {5.1.2.Final}
2022-05-25 12:32:21,935 INFO com.zaxxer.hikari.HikariDataSource [main] HikariPool-1 - Starting...
2022-05-25 12:32:22,307 INFO com.zaxxer.hikari.HikariDataSource [main] HikariPool-1 - Start completed.
2022-05-25 12:32:22,371 INFO org.hibernate.dialect.Dialect [main] HHH000400: Using dialect: org.hibernate.dialect.PostgreSQL10Dialect
2022-05-25 12:32:23,916 INFO org.hibernate.engine.transaction.jta.platform.internal.JtaPlatformInitiator [main] HHH000490: Using JtaPlatform implementation: [org.hibernate.engine.transaction.jta.platform.internal.NoJtaPlatform]
2022-05-25 12:32:23,928 INFO org.springframework.orm.jpa.AbstractEntityManagerFactoryBean [main] Initialized JPA EntityManagerFactory for persistence unit 'default'
2022-05-25 12:32:24,400 WARN org.springframework.boot.autoconfigure.orm.jpa.JpaBaseConfiguration$JpaWebConfiguration [main] spring.jpa.open-in-view is enabled by default. Therefore, database queries may be performed during view rendering. Explicitly configure spring.jpa.open-in-view to disable this warning
2022-05-25 12:32:24,845 INFO org.springframework.scheduling.concurrent.ExecutorConfigurationSupport [main] Initializing ExecutorService 'applicationTaskExecutor'
2022-05-25 12:32:29,856 INFO org.springframework.cloud.commons.util.InetUtils [main] Cannot determine local hostname
2022-05-25 12:32:31,246 INFO org.springframework.cloud.commons.util.InetUtils [main] Cannot determine local hostname
2022-05-25 12:32:31,338 INFO org.apache.juli.logging.DirectJDKLog [main] Starting ProtocolHandler ["http-nio-8082"]
2022-05-25 12:32:31,438 INFO org.springframework.boot.web.embedded.tomcat.TomcatWebServer [main] Tomcat started on port(s): 8082 (http) with context path ''
2022-05-25 12:32:32,759 INFO org.springframework.cloud.commons.util.InetUtils [main] Cannot determine local hostname
2022-05-25 12:32:33,148 INFO org.apache.juli.logging.DirectJDKLog [http-nio-8082-exec-1] Initializing Spring DispatcherServlet 'dispatcherServlet'
2022-05-25 12:32:33,148 INFO org.springframework.web.servlet.FrameworkServlet [http-nio-8082-exec-1] Initializing Servlet 'dispatcherServlet'
2022-05-25 12:32:33,151 INFO org.springframework.web.servlet.FrameworkServlet [http-nio-8082-exec-1] Completed initialization in 2 ms
2022-05-25 12:32:33,574 WARN org.springframework.web.servlet.handler.AbstractHandlerExceptionResolver [http-nio-8082-exec-1] Resolved [org.springframework.http.converter.HttpMessageNotReadableException: JSON parse error: Cannot deserialize value of type `java.lang.Integer` from String "2022-05-04": not a valid Integer value; nested exception is com.fasterxml.jackson.databind.exc.InvalidFormatException: Cannot deserialize value of type `java.lang.Integer` from String "2022-05-04": not a valid Integer value
 at [Source: (PushbackInputStream); line: 1, column: 9] (through reference chain: com.mx.ipn.procesamiento.cliente.bean.PerfilSinteticoBean["edad"])]
2022-05-25 12:32:33,978 INFO org.springframework.cloud.commons.util.InetUtils [main] Cannot determine local hostname
2022-05-25 12:32:33,990 INFO org.springframework.boot.StartupInfoLogger [main] Started MicroservicioProcesamientoApplication in 19.079 seconds (JVM running for 20.273)
2022-05-25 12:32:39,858 WARN org.springframework.web.servlet.handler.AbstractHandlerExceptionResolver [http-nio-8082-exec-2] Resolved [org.springframework.http.converter.HttpMessageNotReadableException: JSON parse error: Cannot deserialize value of type `java.lang.Integer` from String "2022-05-04": not a valid Integer value; nested exception is com.fasterxml.jackson.databind.exc.InvalidFormatException: Cannot deserialize value of type `java.lang.Integer` from String "2022-05-04": not a valid Integer value
 at [Source: (PushbackInputStream); line: 1, column: 9] (through reference chain: com.mx.ipn.procesamiento.cliente.bean.PerfilSinteticoBean["edad"])]
2022-05-25 12:36:38,535 INFO com.mx.ipn.procesamiento.controlador.ProcesamientoControlador [http-nio-8082-exec-3] <----- Inicio petición ----->
2022-05-25 12:36:38,607 INFO com.mx.ipn.procesamiento.controlador.ProcesamientoControlador [http-nio-8082-exec-3] ---Fin petición controlador Usuario----
2022-05-25 12:37:35,999 INFO org.springframework.boot.StartupInfoLogger [main] Starting MicroservicioProcesamientoApplication using Java 15.0.2 on DESKTOP-GCCAVEG with PID 18540 (C:\workspace-pt\microservicio-procesamiento\target\classes started by dervo in C:\workspace-pt\microservicio-procesamiento)
2022-05-25 12:37:36,004 INFO org.springframework.boot.SpringApplication [main] No active profile set, falling back to default profiles: default
2022-05-25 12:37:37,996 INFO org.springframework.data.repository.config.RepositoryConfigurationDelegate [main] Bootstrapping Spring Data JPA repositories in DEFAULT mode.
2022-05-25 12:37:38,066 INFO org.springframework.data.repository.config.RepositoryConfigurationDelegate [main] Finished Spring Data repository scanning in 57 ms. Found 0 JPA repository interfaces.
2022-05-25 12:37:38,866 INFO org.springframework.cloud.context.scope.GenericScope [main] BeanFactory id=94920533-ef7a-3626-86d3-0edbafca1e14
2022-05-25 12:37:40,026 INFO org.springframework.boot.web.embedded.tomcat.TomcatWebServer [main] Tomcat initialized with port(s): 8082 (http)
2022-05-25 12:37:40,056 INFO org.apache.juli.logging.DirectJDKLog [main] Initializing ProtocolHandler ["http-nio-8082"]
2022-05-25 12:37:40,057 INFO org.apache.juli.logging.DirectJDKLog [main] Starting service [Tomcat]
2022-05-25 12:37:40,058 INFO org.apache.juli.logging.DirectJDKLog [main] Starting Servlet engine: [Apache Tomcat/9.0.45]
2022-05-25 12:37:40,478 INFO org.apache.juli.logging.DirectJDKLog [main] Initializing Spring embedded WebApplicationContext
2022-05-25 12:37:40,479 INFO org.springframework.boot.web.servlet.context.ServletWebServerApplicationContext [main] Root WebApplicationContext: initialization completed in 4297 ms
2022-05-25 12:37:40,837 INFO org.hibernate.jpa.internal.util.LogHelper [main] HHH000204: Processing PersistenceUnitInfo [name: default]
2022-05-25 12:37:40,933 INFO org.hibernate.Version [main] HHH000412: Hibernate ORM core version 5.4.30.Final
2022-05-25 12:37:41,162 INFO org.hibernate.annotations.common.reflection.java.JavaReflectionManager [main] HCANN000001: Hibernate Commons Annotations {5.1.2.Final}
2022-05-25 12:37:41,357 INFO com.zaxxer.hikari.HikariDataSource [main] HikariPool-1 - Starting...
2022-05-25 12:37:41,673 INFO com.zaxxer.hikari.HikariDataSource [main] HikariPool-1 - Start completed.
2022-05-25 12:37:41,712 INFO org.hibernate.dialect.Dialect [main] HHH000400: Using dialect: org.hibernate.dialect.PostgreSQL10Dialect
2022-05-25 12:37:43,126 INFO org.hibernate.engine.transaction.jta.platform.internal.JtaPlatformInitiator [main] HHH000490: Using JtaPlatform implementation: [org.hibernate.engine.transaction.jta.platform.internal.NoJtaPlatform]
2022-05-25 12:37:43,138 INFO org.springframework.orm.jpa.AbstractEntityManagerFactoryBean [main] Initialized JPA EntityManagerFactory for persistence unit 'default'
2022-05-25 12:37:43,531 WARN org.springframework.boot.autoconfigure.orm.jpa.JpaBaseConfiguration$JpaWebConfiguration [main] spring.jpa.open-in-view is enabled by default. Therefore, database queries may be performed during view rendering. Explicitly configure spring.jpa.open-in-view to disable this warning
2022-05-25 12:37:43,927 INFO org.springframework.scheduling.concurrent.ExecutorConfigurationSupport [main] Initializing ExecutorService 'applicationTaskExecutor'
2022-05-25 12:37:47,577 INFO org.springframework.cloud.commons.util.InetUtils [main] Cannot determine local hostname
2022-05-25 12:37:48,837 INFO org.springframework.cloud.commons.util.InetUtils [main] Cannot determine local hostname
2022-05-25 12:37:48,885 INFO org.apache.juli.logging.DirectJDKLog [main] Starting ProtocolHandler ["http-nio-8082"]
2022-05-25 12:37:48,928 INFO org.springframework.boot.web.embedded.tomcat.TomcatWebServer [main] Tomcat started on port(s): 8082 (http) with context path ''
2022-05-25 12:37:50,189 INFO org.springframework.cloud.commons.util.InetUtils [main] Cannot determine local hostname
2022-05-25 12:37:51,465 INFO org.springframework.cloud.commons.util.InetUtils [main] Cannot determine local hostname
2022-05-25 12:37:51,510 INFO org.springframework.boot.StartupInfoLogger [main] Started MicroservicioProcesamientoApplication in 17.599 seconds (JVM running for 19.266)
2022-05-25 12:37:51,628 INFO org.apache.juli.logging.DirectJDKLog [http-nio-8082-exec-1] Initializing Spring DispatcherServlet 'dispatcherServlet'
2022-05-25 12:37:51,628 INFO org.springframework.web.servlet.FrameworkServlet [http-nio-8082-exec-1] Initializing Servlet 'dispatcherServlet'
2022-05-25 12:37:51,630 INFO org.springframework.web.servlet.FrameworkServlet [http-nio-8082-exec-1] Completed initialization in 1 ms
2022-05-25 12:37:51,943 INFO com.mx.ipn.procesamiento.controlador.ProcesamientoControlador [http-nio-8082-exec-1] <----- Inicio petición ----->
2022-05-25 12:37:52,018 INFO com.mx.ipn.procesamiento.controlador.ProcesamientoControlador [http-nio-8082-exec-1] ---Fin petición controlador Usuario----
2022-05-25 12:38:17,441 WARN org.springframework.web.servlet.handler.AbstractHandlerExceptionResolver [http-nio-8082-exec-2] Resolved [org.springframework.web.HttpRequestMethodNotSupportedException: Request method 'GET' not supported]
2022-05-25 12:38:20,192 WARN org.springframework.web.servlet.handler.AbstractHandlerExceptionResolver [http-nio-8082-exec-4] Resolved [org.springframework.web.HttpRequestMethodNotSupportedException: Request method 'GET' not supported]
2022-05-25 12:38:54,932 INFO org.springframework.boot.StartupInfoLogger [main] Starting MicroservicioProcesamientoApplication using Java 15.0.2 on DESKTOP-GCCAVEG with PID 19728 (C:\workspace-pt\microservicio-procesamiento\target\classes started by dervo in C:\workspace-pt\microservicio-procesamiento)
2022-05-25 12:38:54,948 INFO org.springframework.boot.SpringApplication [main] No active profile set, falling back to default profiles: default
2022-05-25 12:38:56,605 INFO org.springframework.data.repository.config.RepositoryConfigurationDelegate [main] Bootstrapping Spring Data JPA repositories in DEFAULT mode.
2022-05-25 12:38:56,639 INFO org.springframework.data.repository.config.RepositoryConfigurationDelegate [main] Finished Spring Data repository scanning in 17 ms. Found 0 JPA repository interfaces.
2022-05-25 12:38:57,104 INFO org.springframework.cloud.context.scope.GenericScope [main] BeanFactory id=94920533-ef7a-3626-86d3-0edbafca1e14
2022-05-25 12:38:58,126 INFO org.springframework.boot.web.embedded.tomcat.TomcatWebServer [main] Tomcat initialized with port(s): 8082 (http)
2022-05-25 12:38:58,146 INFO org.apache.juli.logging.DirectJDKLog [main] Initializing ProtocolHandler ["http-nio-8082"]
2022-05-25 12:38:58,147 INFO org.apache.juli.logging.DirectJDKLog [main] Starting service [Tomcat]
2022-05-25 12:38:58,148 INFO org.apache.juli.logging.DirectJDKLog [main] Starting Servlet engine: [Apache Tomcat/9.0.45]
2022-05-25 12:38:58,532 INFO org.apache.juli.logging.DirectJDKLog [main] Initializing Spring embedded WebApplicationContext
2022-05-25 12:38:58,532 INFO org.springframework.boot.web.servlet.context.ServletWebServerApplicationContext [main] Root WebApplicationContext: initialization completed in 3423 ms
2022-05-25 12:38:58,909 INFO org.hibernate.jpa.internal.util.LogHelper [main] HHH000204: Processing PersistenceUnitInfo [name: default]
2022-05-25 12:38:59,012 INFO org.hibernate.Version [main] HHH000412: Hibernate ORM core version 5.4.30.Final
2022-05-25 12:38:59,204 INFO org.hibernate.annotations.common.reflection.java.JavaReflectionManager [main] HCANN000001: Hibernate Commons Annotations {5.1.2.Final}
2022-05-25 12:38:59,360 INFO com.zaxxer.hikari.HikariDataSource [main] HikariPool-1 - Starting...
2022-05-25 12:38:59,662 INFO com.zaxxer.hikari.HikariDataSource [main] HikariPool-1 - Start completed.
2022-05-25 12:38:59,710 INFO org.hibernate.dialect.Dialect [main] HHH000400: Using dialect: org.hibernate.dialect.PostgreSQL10Dialect
2022-05-25 12:39:01,511 INFO org.hibernate.engine.transaction.jta.platform.internal.JtaPlatformInitiator [main] HHH000490: Using JtaPlatform implementation: [org.hibernate.engine.transaction.jta.platform.internal.NoJtaPlatform]
2022-05-25 12:39:01,524 INFO org.springframework.orm.jpa.AbstractEntityManagerFactoryBean [main] Initialized JPA EntityManagerFactory for persistence unit 'default'
2022-05-25 12:39:01,895 WARN org.springframework.boot.autoconfigure.orm.jpa.JpaBaseConfiguration$JpaWebConfiguration [main] spring.jpa.open-in-view is enabled by default. Therefore, database queries may be performed during view rendering. Explicitly configure spring.jpa.open-in-view to disable this warning
2022-05-25 12:39:02,288 INFO org.springframework.scheduling.concurrent.ExecutorConfigurationSupport [main] Initializing ExecutorService 'applicationTaskExecutor'
2022-05-25 12:39:05,999 INFO org.springframework.cloud.commons.util.InetUtils [main] Cannot determine local hostname
2022-05-25 12:39:07,286 INFO org.springframework.cloud.commons.util.InetUtils [main] Cannot determine local hostname
2022-05-25 12:39:07,349 INFO org.apache.juli.logging.DirectJDKLog [main] Starting ProtocolHandler ["http-nio-8082"]
2022-05-25 12:39:07,425 INFO org.springframework.boot.web.embedded.tomcat.TomcatWebServer [main] Tomcat started on port(s): 8082 (http) with context path ''
2022-05-25 12:39:08,657 INFO org.springframework.cloud.commons.util.InetUtils [main] Cannot determine local hostname
2022-05-25 12:39:09,862 INFO org.springframework.cloud.commons.util.InetUtils [main] Cannot determine local hostname
2022-05-25 12:39:09,874 INFO org.springframework.boot.StartupInfoLogger [main] Started MicroservicioProcesamientoApplication in 17.078 seconds (JVM running for 18.296)
2022-05-25 12:39:44,606 INFO org.apache.juli.logging.DirectJDKLog [http-nio-8082-exec-1] Initializing Spring DispatcherServlet 'dispatcherServlet'
2022-05-25 12:39:44,607 INFO org.springframework.web.servlet.FrameworkServlet [http-nio-8082-exec-1] Initializing Servlet 'dispatcherServlet'
2022-05-25 12:39:44,610 INFO org.springframework.web.servlet.FrameworkServlet [http-nio-8082-exec-1] Completed initialization in 2 ms
2022-05-25 12:39:44,874 INFO com.mx.ipn.procesamiento.controlador.ProcesamientoControlador [http-nio-8082-exec-1] <----- Inicio petición ----->
2022-05-25 12:39:44,956 INFO com.mx.ipn.procesamiento.controlador.ProcesamientoControlador [http-nio-8082-exec-1] ---Fin petición controlador Usuario----
2022-05-25 12:39:53,816 INFO com.mx.ipn.procesamiento.controlador.ProcesamientoControlador [http-nio-8082-exec-2] <----- Inicio petición ----->
2022-05-25 12:39:53,878 INFO com.mx.ipn.procesamiento.controlador.ProcesamientoControlador [http-nio-8082-exec-3] <----- Inicio petición ----->
2022-05-25 12:39:53,880 INFO com.mx.ipn.procesamiento.controlador.ProcesamientoControlador [http-nio-8082-exec-2] ---Fin petición controlador Usuario----
2022-05-25 12:39:53,911 INFO com.mx.ipn.procesamiento.controlador.ProcesamientoControlador [http-nio-8082-exec-3] ---Fin petición controlador Usuario----
2022-05-25 12:40:01,191 INFO com.mx.ipn.procesamiento.controlador.ProcesamientoControlador [http-nio-8082-exec-4] <----- Inicio petición ----->
2022-05-25 12:40:01,244 INFO com.mx.ipn.procesamiento.controlador.ProcesamientoControlador [http-nio-8082-exec-5] <----- Inicio petición ----->
2022-05-25 12:40:01,274 INFO com.mx.ipn.procesamiento.controlador.ProcesamientoControlador [http-nio-8082-exec-4] ---Fin petición controlador Usuario----
2022-05-25 12:40:01,331 INFO com.mx.ipn.procesamiento.controlador.ProcesamientoControlador [http-nio-8082-exec-5] ---Fin petición controlador Usuario----
2022-05-25 12:40:23,738 INFO com.mx.ipn.procesamiento.controlador.ProcesamientoControlador [http-nio-8082-exec-6] <----- Inicio petición ----->
2022-05-25 12:40:23,765 INFO com.mx.ipn.procesamiento.controlador.ProcesamientoControlador [http-nio-8082-exec-6] ---Fin petición controlador Usuario----
2022-05-25 12:40:36,969 INFO com.mx.ipn.procesamiento.controlador.ProcesamientoControlador [http-nio-8082-exec-7] <----- Inicio petición ----->
2022-05-25 12:40:36,997 INFO com.mx.ipn.procesamiento.controlador.ProcesamientoControlador [http-nio-8082-exec-7] ---Fin petición controlador Usuario----
2022-05-25 12:40:41,475 INFO com.mx.ipn.procesamiento.controlador.ProcesamientoControlador [http-nio-8082-exec-8] <----- Inicio petición ----->
2022-05-25 12:40:41,499 INFO com.mx.ipn.procesamiento.controlador.ProcesamientoControlador [http-nio-8082-exec-8] ---Fin petición controlador Usuario----
2022-05-25 12:41:11,294 INFO com.mx.ipn.procesamiento.controlador.ProcesamientoControlador [http-nio-8082-exec-1] <----- Inicio petición ----->
2022-05-25 12:41:11,354 INFO com.mx.ipn.procesamiento.controlador.ProcesamientoControlador [http-nio-8082-exec-2] <----- Inicio petición ----->
2022-05-25 12:41:11,362 INFO com.mx.ipn.procesamiento.controlador.ProcesamientoControlador [http-nio-8082-exec-1] ---Fin petición controlador Usuario----
2022-05-25 12:41:11,389 INFO com.mx.ipn.procesamiento.controlador.ProcesamientoControlador [http-nio-8082-exec-2] ---Fin petición controlador Usuario----
2022-05-25 12:41:16,129 INFO com.mx.ipn.procesamiento.controlador.ProcesamientoControlador [http-nio-8082-exec-3] <----- Inicio petición ----->
2022-05-25 12:41:16,168 INFO com.mx.ipn.procesamiento.controlador.ProcesamientoControlador [http-nio-8082-exec-3] ---Fin petición controlador Usuario----
2022-05-25 12:41:20,232 INFO com.mx.ipn.procesamiento.controlador.ProcesamientoControlador [http-nio-8082-exec-4] <----- Inicio petición ----->
2022-05-25 12:41:20,267 INFO com.mx.ipn.procesamiento.controlador.ProcesamientoControlador [http-nio-8082-exec-4] ---Fin petición controlador Usuario----
